<?xml version="1.0" encoding="UTF-8"?>
<!-- Generated by org.testng.reporters.JUnitXMLReporter -->
<testsuite ignored="0" hostname="DESKTOP-V1MADG4" failures="0" tests="2" name="AssignLeaveTest" time="6.695" errors="0" timestamp="2021-08-05T17:32:14 BDT">
  <testcase classname="com.bat.STest.Test.AssignleavTest" name="assignleaveButtonAndPageUrlVeryfi" time="1.653"/>
  <testcase classname="com.bat.STest.Test.AssignleavTest" name="assignleaveTest" time="5.033"/>
</testsuite> <!-- AssignLeaveTest -->
