<?xml version="1.0" encoding="UTF-8"?>
<!-- Generated by org.testng.reporters.JUnitXMLReporter -->
<testsuite ignored="0" hostname="DESKTOP-V1MADG4" failures="0" tests="2" name="AssignLeaveTest" time="1.739" errors="0" timestamp="2021-08-08T15:25:21 BDT">
  <testcase classname="com.bat.STest.Test.AssignleavTest" name="assignleaveButtonAndPageUrlVeryfi" time="1.65"/>
  <testcase classname="com.bat.STest.Test.AssignleavTest" name="assignleaveTest" time="0.079"/>
</testsuite> <!-- AssignLeaveTest -->
