<?xml version="1.0" encoding="UTF-8"?>
<!-- Generated by org.testng.reporters.JUnitXMLReporter -->
<testsuite ignored="0" hostname="DESKTOP-V1MADG4" failures="1" tests="2" name="LoginTest" time="7.918" errors="0" timestamp="2021-08-09T11:02:12 BDT">
  <testcase classname="com.bat.STest.Test.LoginTest" name="loginTestTitleVerify" time="7.566">
    <failure type="java.lang.AssertionError" message="expected [OrangeHRMg] but found [OrangeHRM]">
      <![CDATA[java.lang.AssertionError: expected [OrangeHRMg] but found [OrangeHRM]
at com.bat.STest.Test.LoginTest.loginTestTitleVerify(LoginTest.java:30)
at java.base/java.util.ArrayList.forEach(ArrayList.java:1511)
... Removed 33 stack frames]]>
    </failure>
  </testcase> <!-- loginTestTitleVerify -->
  <testcase classname="com.bat.STest.Test.LoginTest" name="logintest" time="0.0">
    <skipped/>
  </testcase> <!-- logintest -->
</testsuite> <!-- LoginTest -->
