<?xml version="1.0" encoding="UTF-8"?>
<testng-results ignored="0" total="4" passed="4" failed="0" skipped="0">
  <reporter-output>
  </reporter-output>
  <suite started-at="2021-08-08T15:25:08 BDT" name="STest" finished-at="2021-08-08T15:25:21 BDT" duration-ms="13273">
    <groups>
    </groups>
    <test started-at="2021-08-08T15:25:08 BDT" name="LoginTest" finished-at="2021-08-08T15:25:19 BDT" duration-ms="11498">
      <class name="com.bat.STest.Test.LoginTest">
        <test-method signature="loginTestTitleVerify()[pri:0, instance:com.bat.STest.Test.LoginTest@28261e8e]" started-at="2021-08-08T15:25:08 BDT" name="loginTestTitleVerify" finished-at="2021-08-08T15:25:13 BDT" duration-ms="5363" status="PASS">
          <reporter-output>
          </reporter-output>
        </test-method> <!-- loginTestTitleVerify -->
        <test-method signature="logintest(java.util.List)[pri:0, instance:com.bat.STest.Test.LoginTest@28261e8e]" started-at="2021-08-08T15:25:14 BDT" name="logintest" data-provider="loginData" finished-at="2021-08-08T15:25:19 BDT" depends-on-methods="com.bat.STest.Test.LoginTest.loginTestTitleVerify" duration-ms="5106" status="PASS">
          <params>
            <param index="0">
              <value>
                <![CDATA[[LoginDTO [username=abcd, password=abcd], LoginDTO [username=Admin, password=admin123]]]]>
              </value>
            </param>
          </params>
          <reporter-output>
          </reporter-output>
        </test-method> <!-- logintest -->
      </class> <!-- com.bat.STest.Test.LoginTest -->
    </test> <!-- LoginTest -->
    <test started-at="2021-08-08T15:25:19 BDT" name="AssignLeaveTest" finished-at="2021-08-08T15:25:21 BDT" duration-ms="1739">
      <class name="com.bat.STest.Test.AssignleavTest">
        <test-method signature="assignleaveButtonAndPageUrlVeryfi()[pri:0, instance:com.bat.STest.Test.AssignleavTest@4e5ed836]" started-at="2021-08-08T15:25:19 BDT" name="assignleaveButtonAndPageUrlVeryfi" finished-at="2021-08-08T15:25:21 BDT" duration-ms="1650" status="PASS">
          <reporter-output>
          </reporter-output>
        </test-method> <!-- assignleaveButtonAndPageUrlVeryfi -->
        <test-method signature="assignleaveTest()[pri:0, instance:com.bat.STest.Test.AssignleavTest@4e5ed836]" started-at="2021-08-08T15:25:21 BDT" name="assignleaveTest" finished-at="2021-08-08T15:25:21 BDT" depends-on-methods="com.bat.STest.Test.AssignleavTest.assignleaveButtonAndPageUrlVeryfi" duration-ms="79" status="PASS">
          <reporter-output>
          </reporter-output>
        </test-method> <!-- assignleaveTest -->
      </class> <!-- com.bat.STest.Test.AssignleavTest -->
    </test> <!-- AssignLeaveTest -->
  </suite> <!-- STest -->
</testng-results>
