<?xml version="1.0" encoding="UTF-8"?>
<testng-results ignored="0" total="4" passed="4" failed="0" skipped="0">
  <reporter-output>
  </reporter-output>
  <suite started-at="2021-08-09T18:05:01 BDT" name="STest" finished-at="2021-08-09T18:05:21 BDT" duration-ms="20495">
    <groups>
    </groups>
    <test started-at="2021-08-09T18:05:01 BDT" name="LoginTest" finished-at="2021-08-09T18:05:17 BDT" duration-ms="16539">
      <class name="com.bat.STest.Test.LoginTest">
        <test-method signature="loginTestTitleVerify()[pri:0, instance:com.bat.STest.Test.LoginTest@4a83a74a]" started-at="2021-08-09T18:05:01 BDT" name="loginTestTitleVerify" finished-at="2021-08-09T18:05:10 BDT" duration-ms="8869" status="PASS">
          <reporter-output>
          </reporter-output>
        </test-method> <!-- loginTestTitleVerify -->
        <test-method signature="logintest(java.util.List)[pri:0, instance:com.bat.STest.Test.LoginTest@4a83a74a]" started-at="2021-08-09T18:05:11 BDT" name="logintest" data-provider="loginData" finished-at="2021-08-09T18:05:17 BDT" depends-on-methods="com.bat.STest.Test.LoginTest.loginTestTitleVerify" duration-ms="6139" status="PASS">
          <params>
            <param index="0">
              <value>
                <![CDATA[[LoginDTO [username=abcd, password=abcd], LoginDTO [username=Admin, password=admin123]]]]>
              </value>
            </param>
          </params>
          <reporter-output>
          </reporter-output>
        </test-method> <!-- logintest -->
      </class> <!-- com.bat.STest.Test.LoginTest -->
    </test> <!-- LoginTest -->
    <test started-at="2021-08-09T18:05:17 BDT" name="AssignLeaveTest" finished-at="2021-08-09T18:05:21 BDT" duration-ms="3887">
      <class name="com.bat.STest.Test.AssignleavTest">
        <test-method signature="assignleaveButtonAndPageUrlVeryfi()[pri:0, instance:com.bat.STest.Test.AssignleavTest@7bd7d6d6]" started-at="2021-08-09T18:05:17 BDT" name="assignleaveButtonAndPageUrlVeryfi" finished-at="2021-08-09T18:05:20 BDT" duration-ms="2383" status="PASS">
          <reporter-output>
          </reporter-output>
        </test-method> <!-- assignleaveButtonAndPageUrlVeryfi -->
        <test-method signature="assignleaveTest()[pri:0, instance:com.bat.STest.Test.AssignleavTest@7bd7d6d6]" started-at="2021-08-09T18:05:20 BDT" name="assignleaveTest" finished-at="2021-08-09T18:05:21 BDT" depends-on-methods="com.bat.STest.Test.AssignleavTest.assignleaveButtonAndPageUrlVeryfi" duration-ms="1498" status="PASS">
          <reporter-output>
          </reporter-output>
        </test-method> <!-- assignleaveTest -->
      </class> <!-- com.bat.STest.Test.AssignleavTest -->
    </test> <!-- AssignLeaveTest -->
  </suite> <!-- STest -->
</testng-results>
